# => -1
int => -1
id => 7
, => -1
id => 8
, => -1
id => 9
; => -1
char => -1
id => 10
; => -1
id => 10
= => -1
= => -1
string Constant => 19
read => -1
( => -1
id => 7
) => -1
; => -1
read => -1
( => -1
id => 8
) => -1
; => -1
read => -1
( => -1
id => 9
) => -1
; => -1
int => -1
id => 26
, => -1
id => 24
; => -1
id => 26
= => -1
= => -1
id => 7
; => -1
id => 24
= => -1
id => 7
; => -1
if => -1
( => -1
id => 26
LT => -1
id => 8
) => -1
< => -1
id => 26
= => -1
id => 8
; => -1
> => -1
if => -1
( => -1
id => 26
LT => -1
id => 9
) => -1
< => -1
id => 26
= => -1
id => 9
; => -1
> => -1
if => -1
( => -1
id => 24
GT => -1
id => 8
) => -1
< => -1
id => 24
= => -1
id => 8
; => -1
> => -1
if => -1
( => -1
id => 24
GT => -1
id => 9
) => -1
< => -1
id => 24
= => -1
id => 9
; => -1
> => -1
display => -1
( => -1
id => 24
) => -1
; => -1
display => -1
( => -1
id => 26
) => -1
; => -1
# => -1
