# => -1
array => -1
int => -1
id => 20
= => -1
{ => -1
1 => 19
, => -1
2 => 20
, => -1
1 => 19
, => -1
2 => 20
} => -1
; => -1
int => -1
id => 11
, => -1
id => 6
, => -1
id => 23
; => -1
id => 23
= => -1
4 => 22
; => -1
id => 11
= => -1
0 => 18
; => -1
shots => -1
( => -1
id => 6
= => -1
0 => 18
; => -1
id => 6
LT => -1
id => 23
; => -1
id => 6
= => -1
id => 6
+ => -1
1 => 19
) => -1
< => -1
id => 11
= => -1
id => 11
+ => -1
id => 20
[ => -1
id => 6
] => -1
; => -1
> => -1
display => -1
( => -1
id => 11
) => -1
; => -1
# => -1
